D:\ChatApp\RxChatApp\RxChatApp\node_modules\@aspnet\signalr\src\AbortController.js
D:\ChatApp\RxChatApp\RxChatApp\node_modules\@aspnet\signalr\src\AbortController.js.map
D:\ChatApp\RxChatApp\RxChatApp\node_modules\@aspnet\signalr\src\Errors.js
D:\ChatApp\RxChatApp\RxChatApp\node_modules\@aspnet\signalr\src\Errors.js.map
D:\ChatApp\RxChatApp\RxChatApp\node_modules\@aspnet\signalr\src\ILogger.js
D:\ChatApp\RxChatApp\RxChatApp\node_modules\@aspnet\signalr\src\ILogger.js.map
D:\ChatApp\RxChatApp\RxChatApp\node_modules\@aspnet\signalr\src\HttpClient.js
D:\ChatApp\RxChatApp\RxChatApp\node_modules\@aspnet\signalr\src\HttpClient.js.map
D:\ChatApp\RxChatApp\RxChatApp\node_modules\@aspnet\signalr\src\ITransport.js
D:\ChatApp\RxChatApp\RxChatApp\node_modules\@aspnet\signalr\src\ITransport.js.map
D:\ChatApp\RxChatApp\RxChatApp\node_modules\@aspnet\signalr\src\IHttpConnectionOptions.js
D:\ChatApp\RxChatApp\RxChatApp\node_modules\@aspnet\signalr\src\IHttpConnectionOptions.js.map
D:\ChatApp\RxChatApp\RxChatApp\node_modules\@aspnet\signalr\src\TextMessageFormat.js
D:\ChatApp\RxChatApp\RxChatApp\node_modules\@aspnet\signalr\src\TextMessageFormat.js.map
D:\ChatApp\RxChatApp\RxChatApp\node_modules\@aspnet\signalr\src\Loggers.js
D:\ChatApp\RxChatApp\RxChatApp\node_modules\@aspnet\signalr\src\Loggers.js.map
D:\ChatApp\RxChatApp\RxChatApp\node_modules\@aspnet\signalr\src\Stream.js
D:\ChatApp\RxChatApp\RxChatApp\node_modules\@aspnet\signalr\src\Stream.js.map
D:\ChatApp\RxChatApp\RxChatApp\node_modules\@aspnet\signalr\src\Utils.js
D:\ChatApp\RxChatApp\RxChatApp\node_modules\@aspnet\signalr\src\Utils.js.map
D:\ChatApp\RxChatApp\RxChatApp\node_modules\@aspnet\signalr\src\HandshakeProtocol.js
D:\ChatApp\RxChatApp\RxChatApp\node_modules\@aspnet\signalr\src\HandshakeProtocol.js.map
D:\ChatApp\RxChatApp\RxChatApp\node_modules\@aspnet\signalr\src\IConnection.js
D:\ChatApp\RxChatApp\RxChatApp\node_modules\@aspnet\signalr\src\IConnection.js.map
D:\ChatApp\RxChatApp\RxChatApp\node_modules\@aspnet\signalr\src\IHubProtocol.js
D:\ChatApp\RxChatApp\RxChatApp\node_modules\@aspnet\signalr\src\IHubProtocol.js.map
D:\ChatApp\RxChatApp\RxChatApp\node_modules\@aspnet\signalr\src\HubConnection.js
D:\ChatApp\RxChatApp\RxChatApp\node_modules\@aspnet\signalr\src\HubConnection.js.map
D:\ChatApp\RxChatApp\RxChatApp\node_modules\@aspnet\signalr\src\LongPollingTransport.js
D:\ChatApp\RxChatApp\RxChatApp\node_modules\@aspnet\signalr\src\LongPollingTransport.js.map
D:\ChatApp\RxChatApp\RxChatApp\node_modules\@aspnet\signalr\src\ServerSentEventsTransport.js
D:\ChatApp\RxChatApp\RxChatApp\node_modules\@aspnet\signalr\src\ServerSentEventsTransport.js.map
D:\ChatApp\RxChatApp\RxChatApp\node_modules\@aspnet\signalr\src\WebSocketTransport.js
D:\ChatApp\RxChatApp\RxChatApp\node_modules\@aspnet\signalr\src\WebSocketTransport.js.map
D:\ChatApp\RxChatApp\RxChatApp\node_modules\@aspnet\signalr\src\HttpConnection.js
D:\ChatApp\RxChatApp\RxChatApp\node_modules\@aspnet\signalr\src\HttpConnection.js.map
D:\ChatApp\RxChatApp\RxChatApp\node_modules\@aspnet\signalr\src\JsonHubProtocol.js
D:\ChatApp\RxChatApp\RxChatApp\node_modules\@aspnet\signalr\src\JsonHubProtocol.js.map
D:\ChatApp\RxChatApp\RxChatApp\node_modules\@aspnet\signalr\src\HubConnectionBuilder.js
D:\ChatApp\RxChatApp\RxChatApp\node_modules\@aspnet\signalr\src\HubConnectionBuilder.js.map
D:\ChatApp\RxChatApp\RxChatApp\node_modules\@aspnet\signalr\src\index.js
D:\ChatApp\RxChatApp\RxChatApp\node_modules\@aspnet\signalr\src\index.js.map
D:\ChatApp\RxChatApp\RxChatApp\node_modules\@aspnet\signalr\src\browser-index.js
D:\ChatApp\RxChatApp\RxChatApp\node_modules\@aspnet\signalr\src\browser-index.js.map
